[INFO] 2026-01-06 22:20:26 accounts.staff_views - [delete_user] Hard deleted user 1674 (deleteteacher_e2e@test.com) from database
[INFO] 2026-01-06 22:21:02 accounts.staff_views - [delete_user] Hard deleted user 1758 (deleteteacher_e2e@test.com) from database
[INFO] 2026-01-06 22:21:02 accounts.staff_views - [delete_user] Hard deleted user 1761 (crud_complete_e2e@test.com) from database
[INFO] 2026-01-06 22:22:08 accounts.staff_views - [delete_user] Hard deleted user 2109 (deleteteacher_e2e@test.com) from database
[INFO] 2026-01-06 22:22:08 accounts.staff_views - [delete_user] Hard deleted user 2112 (crud_complete_e2e@test.com) from database
[INFO] 2026-01-06 22:38:02 accounts.staff_views - [assign_students_to_teacher] Teacher 13063 assigned to 1 students for subject 1716 (created=1, updated=0): [13067]
[INFO] 2026-01-06 22:38:03 accounts.staff_views - [assign_students_to_teacher] Teacher 13080 assigned to 3 students for subject 1718 (created=3, updated=0): [13085, 13088, 13091]
[INFO] 2026-01-06 22:38:04 accounts.staff_views - [assign_students_to_teacher] Teacher 13100 assigned to 1 students for subject 1722 (created=0, updated=1): [13104]
[INFO] 2026-01-06 22:38:07 accounts.staff_views - [assign_students_to_teacher] Teacher 13172 assigned to 1 students for subject 1733 (created=1, updated=0): [13176]
[INFO] 2026-01-06 22:38:08 accounts.staff_views - [assign_students_to_teacher] Teacher 13199 assigned to 1 students for subject 1739 (created=1, updated=0): [13203]
[INFO] 2026-01-06 22:51:27 accounts.staff_views - [delete_user] Hard deleted user 17482 (student@test.com) from database
[INFO] 2026-01-06 22:51:28 accounts.staff_views - [delete_user] Hard deleted user 17486 (student@test.com) from database
[INFO] 2026-01-06 22:51:29 accounts.staff_views - [reactivate_user] User student@test.com (id=17494) reactivated by admin@test.com
[INFO] 2026-01-06 22:52:04 accounts.staff_views - [delete_user] Hard deleted user 17737 (student@test.com) from database
[INFO] 2026-01-06 22:52:05 accounts.staff_views - [delete_user] Hard deleted user 17742 (student@test.com) from database
[INFO] 2026-01-06 22:52:06 accounts.staff_views - [reactivate_user] User student@test.com (id=17751) reactivated by admin@test.com
[INFO] 2026-01-06 22:53:08 accounts.staff_views - [delete_user] Hard deleted user 18181 (student@test.com) from database
[INFO] 2026-01-06 22:53:09 accounts.staff_views - [delete_user] Hard deleted user 18183 (student@test.com) from database
[INFO] 2026-01-06 22:53:09 accounts.staff_views - [reactivate_user] User student@test.com (id=18187) reactivated by admin@test.com
[INFO] 2026-01-06 23:07:40 accounts.staff_views - [UserManagementView.get] Retrieved 50 users (role filter: None)
[INFO] 2026-01-06 23:07:46 accounts.staff_views - [UserManagementView.get] Retrieved 50 users (role filter: None)
[INFO] 2026-01-06 23:07:51 accounts.staff_views - [UserManagementView.get] Retrieved 50 users (role filter: None)
[INFO] 2026-01-06 23:07:51 accounts.staff_views - [UserManagementView.get] Retrieved 50 users (role filter: None)
[INFO] 2026-01-06 23:07:56 accounts.staff_views - [UserManagementView.get] Retrieved 50 users (role filter: None)
[INFO] 2026-01-06 23:07:56 accounts.staff_views - [UserManagementView.get] Retrieved 50 users (role filter: None)
[INFO] 2026-01-06 23:08:01 accounts.staff_views - [UserManagementView.get] Retrieved 50 users (role filter: None)
[INFO] 2026-01-06 23:08:01 accounts.staff_views - [UserManagementView.get] Retrieved 50 users (role filter: None)
[INFO] 2026-01-06 23:08:06 accounts.staff_views - [UserManagementView.get] Retrieved 50 users (role filter: None)
[INFO] 2026-01-06 23:08:12 accounts.staff_views - [UserManagementView.get] Retrieved 50 users (role filter: None)
[INFO] 2026-01-06 23:08:17 accounts.staff_views - [UserManagementView.get] Retrieved 50 users (role filter: None)
[INFO] 2026-01-06 23:08:23 accounts.staff_views - [UserManagementView.get] Retrieved 50 users (role filter: None)
[INFO] 2026-01-06 23:08:30 accounts.staff_views - [UserManagementView.get] Retrieved 50 users (role filter: None)
[INFO] 2026-01-06 23:08:37 accounts.staff_views - [UserManagementView.get] Retrieved 50 users (role filter: None)
[INFO] 2026-01-06 23:08:45 accounts.staff_views - [UserManagementView.get] Retrieved 50 users (role filter: None)
[INFO] 2026-01-06 23:08:53 accounts.staff_views - [UserManagementView.get] Retrieved 50 users (role filter: None)
[INFO] 2026-01-06 23:08:58 accounts.staff_views - [UserManagementView.get] Retrieved 50 users (role filter: None)
[INFO] 2026-01-06 23:09:03 accounts.staff_views - [UserManagementView.get] Retrieved 50 users (role filter: None)
[INFO] 2026-01-06 23:09:09 accounts.staff_views - [UserManagementView.get] Retrieved 50 users (role filter: None)
[INFO] 2026-01-06 23:09:14 accounts.staff_views - [UserManagementView.get] Retrieved 50 users (role filter: None)
[INFO] 2026-01-06 23:09:20 accounts.staff_views - [UserManagementView.get] Retrieved 50 users (role filter: None)
[INFO] 2026-01-06 23:09:25 accounts.staff_views - [UserManagementView.get] Retrieved 50 users (role filter: None)
[INFO] 2026-01-06 23:09:30 accounts.staff_views - [UserManagementView.get] Retrieved 50 users (role filter: None)
[INFO] 2026-01-06 23:09:35 accounts.staff_views - [UserManagementView.get] Retrieved 50 users (role filter: None)
[INFO] 2026-01-06 23:09:35 accounts.staff_views - [UserManagementView.get] Retrieved 50 users (role filter: None)
[INFO] 2026-01-06 23:09:41 accounts.staff_views - [UserManagementView.get] Retrieved 50 users (role filter: None)
[INFO] 2026-01-06 23:09:41 accounts.staff_views - [UserManagementView.get] Retrieved 50 users (role filter: None)
[INFO] 2026-01-06 23:09:41 accounts.staff_views - [UserManagementView.get] Retrieved 50 users (role filter: None)
[INFO] 2026-01-06 23:09:41 accounts.staff_views - [UserManagementView.get] Retrieved 50 users (role filter: None)
[INFO] 2026-01-06 23:09:41 accounts.staff_views - [UserManagementView.get] Retrieved 50 users (role filter: None)
[INFO] 2026-01-06 23:09:41 accounts.staff_views - [UserManagementView.get] Retrieved 50 users (role filter: None)
[INFO] 2026-01-06 23:09:41 accounts.staff_views - [UserManagementView.get] Retrieved 50 users (role filter: None)
[INFO] 2026-01-06 23:09:41 accounts.staff_views - [UserManagementView.get] Retrieved 50 users (role filter: None)
[INFO] 2026-01-06 23:09:41 accounts.staff_views - [UserManagementView.get] Retrieved 50 users (role filter: None)
[INFO] 2026-01-06 23:09:46 accounts.staff_views - [UserManagementView.get] Retrieved 50 users (role filter: None)
[INFO] 2026-01-06 23:09:46 accounts.staff_views - [UserManagementView.get] Retrieved 50 users (role filter: None)
[INFO] 2026-01-06 23:09:46 accounts.staff_views - [UserManagementView.get] Retrieved 50 users (role filter: None)
[INFO] 2026-01-06 23:15:05 accounts.staff_views - [delete_user] Hard deleted user 1759 (deleteteacher_e2e@test.com) from database
[INFO] 2026-01-06 23:15:05 accounts.staff_views - [delete_user] Hard deleted user 1762 (crud_complete_e2e@test.com) from database
[ERROR] 2026-01-06 23:15:48 accounts.staff_views - [UserManagementView.post] Unexpected error for email new_parent_e2e@test.com: cannot access local variable 'ParentProfileSerializer' where it is not associated with a value
[ERROR] 2026-01-06 23:15:49 accounts.staff_views - [UserManagementView.post] Unexpected error for email new_parent_e2e@test.com: cannot access local variable 'ParentProfileSerializer' where it is not associated with a value
[ERROR] 2026-01-06 23:15:49 accounts.staff_views - [UserManagementView.post] Unexpected error for email new_parent_e2e@test.com: cannot access local variable 'ParentProfileSerializer' where it is not associated with a value
[ERROR] 2026-01-06 23:15:50 accounts.staff_views - [UserManagementView.post] Unexpected error for email new_parent_e2e@test.com: cannot access local variable 'ParentProfileSerializer' where it is not associated with a value
[ERROR] 2026-01-06 23:15:53 accounts.staff_views - [UserManagementView.post] Unexpected error for email test_perm@test.com: cannot access local variable 'ParentProfileSerializer' where it is not associated with a value
[ERROR] 2026-01-06 23:15:53 accounts.staff_views - [UserManagementView.post] Unexpected error for email duplicate@test.com: cannot access local variable 'ParentProfileSerializer' where it is not associated with a value
[ERROR] 2026-01-06 23:15:53 accounts.staff_views - [UserManagementView.post] Unexpected error for email duplicate@test.com: cannot access local variable 'ParentProfileSerializer' where it is not associated with a value
[INFO] 2026-01-06 23:17:07 accounts.staff_views - [UserManagementView.get] Retrieved 3 users (role filter: student)
[INFO] 2026-01-06 23:17:31 accounts.staff_views - [UserManagementView.get] Retrieved 1 users (role filter: None)
[INFO] 2026-01-06 23:17:32 accounts.staff_views - [UserManagementView.get] Retrieved 1 users (role filter: None)
[INFO] 2026-01-06 23:17:54 accounts.staff_views - [UserManagementView.get] Retrieved 50 users (role filter: None)
[INFO] 2026-01-06 23:18:00 accounts.staff_views - [UserManagementView.get] Retrieved 50 users (role filter: None)
[INFO] 2026-01-06 23:18:05 accounts.staff_views - [UserManagementView.get] Retrieved 50 users (role filter: None)
[INFO] 2026-01-06 23:18:05 accounts.staff_views - [UserManagementView.get] Retrieved 50 users (role filter: None)
[INFO] 2026-01-06 23:18:11 accounts.staff_views - [UserManagementView.get] Retrieved 50 users (role filter: None)
[INFO] 2026-01-06 23:18:11 accounts.staff_views - [UserManagementView.get] Retrieved 50 users (role filter: None)
[INFO] 2026-01-06 23:18:16 accounts.staff_views - [UserManagementView.get] Retrieved 50 users (role filter: None)
[INFO] 2026-01-06 23:18:16 accounts.staff_views - [UserManagementView.get] Retrieved 50 users (role filter: None)
[INFO] 2026-01-06 23:18:22 accounts.staff_views - [UserManagementView.get] Retrieved 50 users (role filter: None)
[INFO] 2026-01-06 23:18:28 accounts.staff_views - [UserManagementView.get] Retrieved 50 users (role filter: None)
[INFO] 2026-01-06 23:18:33 accounts.staff_views - [UserManagementView.get] Retrieved 50 users (role filter: None)
[INFO] 2026-01-06 23:18:39 accounts.staff_views - [UserManagementView.get] Retrieved 50 users (role filter: None)
[INFO] 2026-01-06 23:18:45 accounts.staff_views - [UserManagementView.get] Retrieved 50 users (role filter: None)
[INFO] 2026-01-06 23:18:51 accounts.staff_views - [UserManagementView.get] Retrieved 50 users (role filter: None)
[INFO] 2026-01-06 23:18:58 accounts.staff_views - [UserManagementView.get] Retrieved 50 users (role filter: None)
[INFO] 2026-01-06 23:19:04 accounts.staff_views - [UserManagementView.get] Retrieved 50 users (role filter: None)
[INFO] 2026-01-06 23:19:11 accounts.staff_views - [UserManagementView.get] Retrieved 50 users (role filter: None)
[INFO] 2026-01-06 23:19:18 accounts.staff_views - [UserManagementView.get] Retrieved 50 users (role filter: None)
[INFO] 2026-01-06 23:19:24 accounts.staff_views - [UserManagementView.get] Retrieved 50 users (role filter: None)
[INFO] 2026-01-06 23:19:30 accounts.staff_views - [UserManagementView.get] Retrieved 50 users (role filter: None)
[INFO] 2026-01-06 23:19:37 accounts.staff_views - [UserManagementView.get] Retrieved 50 users (role filter: None)
[INFO] 2026-01-06 23:19:43 accounts.staff_views - [UserManagementView.get] Retrieved 50 users (role filter: None)
[INFO] 2026-01-06 23:19:49 accounts.staff_views - [UserManagementView.get] Retrieved 50 users (role filter: None)
[INFO] 2026-01-06 23:19:54 accounts.staff_views - [UserManagementView.get] Retrieved 50 users (role filter: None)
[INFO] 2026-01-06 23:19:54 accounts.staff_views - [UserManagementView.get] Retrieved 50 users (role filter: None)
[INFO] 2026-01-06 23:19:59 accounts.staff_views - [UserManagementView.get] Retrieved 50 users (role filter: None)
[INFO] 2026-01-06 23:19:59 accounts.staff_views - [UserManagementView.get] Retrieved 50 users (role filter: None)
[INFO] 2026-01-06 23:19:59 accounts.staff_views - [UserManagementView.get] Retrieved 50 users (role filter: None)
[INFO] 2026-01-06 23:19:59 accounts.staff_views - [UserManagementView.get] Retrieved 50 users (role filter: None)
[INFO] 2026-01-06 23:19:59 accounts.staff_views - [UserManagementView.get] Retrieved 50 users (role filter: None)
[INFO] 2026-01-06 23:19:59 accounts.staff_views - [UserManagementView.get] Retrieved 50 users (role filter: None)
[INFO] 2026-01-06 23:20:00 accounts.staff_views - [UserManagementView.get] Retrieved 50 users (role filter: None)
[INFO] 2026-01-06 23:20:00 accounts.staff_views - [UserManagementView.get] Retrieved 50 users (role filter: None)
[INFO] 2026-01-06 23:20:00 accounts.staff_views - [UserManagementView.get] Retrieved 50 users (role filter: None)
[INFO] 2026-01-06 23:20:05 accounts.staff_views - [UserManagementView.get] Retrieved 50 users (role filter: None)
[INFO] 2026-01-06 23:20:05 accounts.staff_views - [UserManagementView.get] Retrieved 50 users (role filter: None)
[INFO] 2026-01-06 23:20:05 accounts.staff_views - [UserManagementView.get] Retrieved 50 users (role filter: None)
[INFO] 2026-01-06 23:22:43 accounts.staff_views - [UserManagementView.get] Retrieved 2 users (role filter: student)
[INFO] 2026-01-06 23:22:43 accounts.staff_views - [UserManagementView.get] Retrieved 6 users (role filter: None)
[INFO] 2026-01-06 23:22:44 accounts.staff_views - [UserManagementView.get] Retrieved 2 users (role filter: student)
[INFO] 2026-01-06 23:22:45 accounts.staff_views - [UserManagementView.get] Retrieved 1 users (role filter: teacher)
[INFO] 2026-01-06 23:22:46 accounts.staff_views - [UserManagementView.get] Retrieved 6 users (role filter: None)
[INFO] 2026-01-06 23:22:47 accounts.staff_views - [UserManagementView.get] Retrieved 6 users (role filter: None)
[INFO] 2026-01-06 23:22:47 accounts.staff_views - [UserManagementView.get] Retrieved 6 users (role filter: None)
[INFO] 2026-01-06 23:22:48 accounts.staff_views - [UserManagementView.get] Retrieved 3 users (role filter: None)
[INFO] 2026-01-06 23:22:48 accounts.staff_views - [UserManagementView.get] Retrieved 3 users (role filter: None)
[INFO] 2026-01-06 23:22:48 accounts.staff_views - [UserManagementView.get] Retrieved 6 users (role filter: None)
[INFO] 2026-01-06 23:22:49 accounts.staff_views - [UserManagementView.get] Retrieved 6 users (role filter: None)
[INFO] 2026-01-06 23:22:50 accounts.staff_views - [UserManagementView.get] Retrieved 6 users (role filter: None)
[INFO] 2026-01-06 23:22:50 accounts.staff_views - [UserManagementView.get] Retrieved 6 users (role filter: None)
[INFO] 2026-01-06 23:22:51 accounts.staff_views - [UserManagementView.get] Retrieved 6 users (role filter: None)
[INFO] 2026-01-06 23:22:52 accounts.staff_views - [UserManagementView.get] Retrieved 6 users (role filter: None)
[INFO] 2026-01-06 23:22:52 accounts.staff_views - [UserManagementView.get] Retrieved 6 users (role filter: None)
[INFO] 2026-01-06 23:22:53 accounts.staff_views - [UserManagementView.get] Retrieved 1 users (role filter: None)
[INFO] 2026-01-06 23:22:53 accounts.staff_views - [UserManagementView.get] Retrieved 1 users (role filter: None)
[INFO] 2026-01-06 23:22:53 accounts.staff_views - [UserManagementView.get] Retrieved 1 users (role filter: None)
[INFO] 2026-01-06 23:22:53 accounts.staff_views - [UserManagementView.get] Retrieved 1 users (role filter: None)
[INFO] 2026-01-06 23:22:53 accounts.staff_views - [UserManagementView.get] Retrieved 1 users (role filter: None)
[INFO] 2026-01-06 23:22:53 accounts.staff_views - [UserManagementView.get] Retrieved 1 users (role filter: None)
[INFO] 2026-01-06 23:22:53 accounts.staff_views - [UserManagementView.get] Retrieved 1 users (role filter: None)
[INFO] 2026-01-06 23:22:54 accounts.staff_views - [UserManagementView.get] Retrieved 1 users (role filter: None)
[INFO] 2026-01-06 23:22:54 accounts.staff_views - [UserManagementView.get] Retrieved 1 users (role filter: None)
[INFO] 2026-01-06 23:22:54 accounts.staff_views - [UserManagementView.get] Retrieved 1 users (role filter: None)
[INFO] 2026-01-06 23:22:54 accounts.staff_views - [UserManagementView.get] Retrieved 21 users (role filter: None)
[INFO] 2026-01-06 23:25:31 accounts.staff_views - [UserManagementView.get] Retrieved 1 users (role filter: None)
[INFO] 2026-01-06 23:25:32 accounts.staff_views - [UserManagementView.get] Retrieved 0 users (role filter: teacher)
[WARNING] 2026-01-06 23:25:32 accounts.staff_views - [UserManagementView.get] WARNING: No users returned! Total count was: 0
[INFO] 2026-01-06 23:25:32 accounts.staff_views - [UserManagementView.get] Retrieved 1 users (role filter: None)
[INFO] 2026-01-06 23:25:32 accounts.staff_views - [UserManagementView.get] Retrieved 1 users (role filter: None)
[INFO] 2026-01-06 23:25:32 accounts.staff_views - [UserManagementView.get] Retrieved 2 users (role filter: None)
[INFO] 2026-01-06 23:25:35 accounts.staff_views - [delete_user] Hard deleted user 6010 (student@test.com) from database
[INFO] 2026-01-06 23:25:35 accounts.staff_views - [delete_user] Hard deleted user 6012 (student@test.com) from database
[INFO] 2026-01-06 23:25:35 accounts.staff_views - [reactivate_user] User student@test.com (id=6016) reactivated by admin@test.com
[INFO] 2026-01-06 23:25:41 accounts.staff_views - [UserManagementView.get] Retrieved 4 users (role filter: None)
[INFO] 2026-01-06 23:25:42 accounts.staff_views - [UserManagementView.get] Retrieved 4 users (role filter: None)
[INFO] 2026-01-06 23:25:43 accounts.staff_views - [UserManagementView.get] Retrieved 3 users (role filter: None)
[INFO] 2026-01-06 23:25:43 accounts.staff_views - [UserManagementView.get] Retrieved 3 users (role filter: None)
[INFO] 2026-01-06 23:25:43 accounts.staff_views - [UserManagementView.get] Retrieved 0 users (role filter: student' OR '1'='1)
[WARNING] 2026-01-06 23:25:43 accounts.staff_views - [UserManagementView.get] WARNING: No users returned! Total count was: 0
[INFO] 2026-01-06 23:25:44 accounts.staff_views - [UserManagementView.get] Retrieved 3 users (role filter: None)
[INFO] 2026-01-06 23:25:44 accounts.staff_views - [UserManagementView.get] Retrieved 3 users (role filter: None)
[INFO] 2026-01-06 23:25:45 accounts.staff_views - [UserManagementView.get] Retrieved 1 users (role filter: None)
[INFO] 2026-01-06 23:25:45 accounts.staff_views - [UserManagementView.get] Retrieved 1 users (role filter: None)
[INFO] 2026-01-06 23:25:45 accounts.staff_views - [UserManagementView.get] Retrieved 1 users (role filter: None)
[INFO] 2026-01-06 23:29:54 accounts.staff_views - [UserManagementView.post] User new_parent_e2e_51e7d010@test.com (role=parent) created successfully
[INFO] 2026-01-06 23:29:54 accounts.staff_views - [UserManagementView.post] User new_parent_e2e_4905abe1@test.com (role=parent) created successfully
[INFO] 2026-01-06 23:29:55 accounts.staff_views - [UserManagementView.post] User new_parent_e2e_3056df26@test.com (role=parent) created successfully
[INFO] 2026-01-06 23:29:55 accounts.staff_views - [UserManagementView.post] User new_parent_e2e_7f5cd369@test.com (role=parent) created successfully
[INFO] 2026-01-06 23:29:57 accounts.staff_views - [UserManagementView.post] User test_perm_9cbaadcb@test.com (role=parent) created successfully
[INFO] 2026-01-06 23:29:58 accounts.staff_views - [UserManagementView.post] User duplicate_e5d9cf3b@test.com (role=parent) created successfully
[INFO] 2026-01-06 23:31:13 accounts.staff_views - [UserManagementView.post] User new_parent_e2e_c80b07e0@test.com (role=parent) created successfully
[INFO] 2026-01-06 23:31:13 accounts.staff_views - [UserManagementView.post] User new_parent_e2e_940d79c7@test.com (role=parent) created successfully
[INFO] 2026-01-06 23:31:14 accounts.staff_views - [UserManagementView.post] User new_parent_e2e_d17fdfe2@test.com (role=parent) created successfully
[INFO] 2026-01-06 23:31:14 accounts.staff_views - [UserManagementView.post] User new_parent_e2e_281d6687@test.com (role=parent) created successfully
[INFO] 2026-01-06 23:31:16 accounts.staff_views - [UserManagementView.post] User test_perm_a49be40c@test.com (role=parent) created successfully
[INFO] 2026-01-06 23:31:16 accounts.staff_views - [UserManagementView.post] User duplicate_5d4e0875@test.com (role=parent) created successfully
[INFO] 2026-01-06 23:31:52 accounts.staff_views - [UserManagementView.get] Retrieved 1 users (role filter: None)
[INFO] 2026-01-06 23:31:52 accounts.staff_views - [UserManagementView.get] Retrieved 1 users (role filter: None)
[INFO] 2026-01-06 23:32:16 accounts.staff_views - [UserManagementView.get] Retrieved 1 users (role filter: None)
[INFO] 2026-01-06 23:32:16 accounts.staff_views - [UserManagementView.get] Retrieved 0 users (role filter: teacher)
[WARNING] 2026-01-06 23:32:16 accounts.staff_views - [UserManagementView.get] WARNING: No users returned! Total count was: 0
[INFO] 2026-01-06 23:32:16 accounts.staff_views - [UserManagementView.get] Retrieved 1 users (role filter: None)
[INFO] 2026-01-06 23:32:17 accounts.staff_views - [UserManagementView.get] Retrieved 1 users (role filter: None)
[INFO] 2026-01-06 23:32:17 accounts.staff_views - [UserManagementView.get] Retrieved 2 users (role filter: None)
[INFO] 2026-01-06 23:32:22 accounts.staff_views - [delete_user] Hard deleted user 6896 (student@test.com) from database
[INFO] 2026-01-06 23:32:23 accounts.staff_views - [delete_user] Hard deleted user 6901 (student@test.com) from database
[INFO] 2026-01-06 23:32:24 accounts.staff_views - [reactivate_user] User student@test.com (id=6913) reactivated by admin@test.com
